........................................................................ [  4%]
........................................................................ [  9%]
........................................................................ [ 13%]
........................................................................ [ 18%]
........................................................................ [ 23%]
........................................................................ [ 27%]
........................................................................ [ 32%]
........................................................................ [ 36%]
........................................................................ [ 41%]
........................................................................ [ 46%]
........................................................................ [ 50%]
........................................................................ [ 55%]
..............................................F......................... [ 59%]
........................................................................ [ 64%]
........................................................................ [ 69%]
........................................................................ [ 73%]
........................................................................ [ 78%]
........................................................................ [ 83%]
........................................................................ [ 87%]
........................................................................ [ 92%]
........................................................................ [ 96%]
.................................................                        [100%]
=================================== FAILURES ===================================
___________ test_keeper_turn_text_dedupes_unchanged_affordance_cues ____________

    def test_keeper_turn_text_dedupes_unchanged_affordance_cues():
        """Identical choice_frame routes across turns must not repeat affordance prose."""
        frame = {
            "routes": [
                {"id": "a", "cue": "追问指挥官真实目的"},
                {"id": "b", "cue": "检查装备与补给"},
            ]
        }
        turn1 = {"choice_frame": frame, "clue_revealed": [], "storylet_moves": [], "npc_moves": []}
        turn2 = {"choice_frame": frame, "clue_revealed": [], "storylet_moves": [], "npc_moves": []}
        text1 = driver._keeper_turn_text(turn1, {}, {}, previous_affordance_ids=["__none__"])
        text2 = driver._keeper_turn_text(turn2, {}, {}, previous_affordance_ids=["a", "b"])
>       assert "可行动" in text1
E       AssertionError: assert '可行动' in '你留意到追问指挥官真实目的；检查装备与补给也许也值得一看。'

tests/test_playtest_driver.py:510: AssertionError
=========================== short test summary info ============================
FAILED tests/test_playtest_driver.py::test_keeper_turn_text_dedupes_unchanged_affordance_cues
1 failed, 1560 passed in 37.32s
